c:\users\space\documents\materiel pour uc os iii\micrium_win32_kernel\microsoft\windows\kernel\os3\vs\debug\vc142.pdb
c:\users\space\documents\materiel pour uc os iii\micrium_win32_kernel\microsoft\windows\kernel\os3\vs\debug\vc142.idb
c:\users\space\documents\materiel pour uc os iii\micrium_win32_kernel\microsoft\windows\kernel\os3\vs\debug\os_task.obj
c:\users\space\documents\materiel pour uc os iii\micrium_win32_kernel\microsoft\windows\kernel\os3\vs\debug\os_stat.obj
c:\users\space\documents\materiel pour uc os iii\micrium_win32_kernel\microsoft\windows\kernel\os3\vs\debug\os_sem.obj
c:\users\space\documents\materiel pour uc os iii\micrium_win32_kernel\microsoft\windows\kernel\os3\vs\debug\os_q.obj
c:\users\space\documents\materiel pour uc os iii\micrium_win32_kernel\microsoft\windows\kernel\os3\vs\debug\os_prio.obj
c:\users\space\documents\materiel pour uc os iii\micrium_win32_kernel\microsoft\windows\kernel\os3\vs\debug\os_mutex.obj
c:\users\space\documents\materiel pour uc os iii\micrium_win32_kernel\microsoft\windows\kernel\os3\vs\debug\os_msg.obj
c:\users\space\documents\materiel pour uc os iii\micrium_win32_kernel\microsoft\windows\kernel\os3\vs\debug\os_mon.obj
c:\users\space\documents\materiel pour uc os iii\micrium_win32_kernel\microsoft\windows\kernel\os3\vs\debug\os_mem.obj
c:\users\space\documents\materiel pour uc os iii\micrium_win32_kernel\microsoft\windows\kernel\os3\vs\debug\os_flag.obj
c:\users\space\documents\materiel pour uc os iii\micrium_win32_kernel\microsoft\windows\kernel\os3\vs\debug\os_dbg.obj
c:\users\space\documents\materiel pour uc os iii\micrium_win32_kernel\microsoft\windows\kernel\os3\vs\debug\os_core.obj
c:\users\space\documents\materiel pour uc os iii\micrium_win32_kernel\microsoft\windows\kernel\os3\vs\debug\os_cfg_app.obj
c:\users\space\documents\materiel pour uc os iii\micrium_win32_kernel\microsoft\windows\kernel\os3\vs\debug\os_cpu_c.obj
c:\users\space\documents\materiel pour uc os iii\micrium_win32_kernel\microsoft\windows\kernel\os3\vs\debug\lib_str.obj
c:\users\space\documents\materiel pour uc os iii\micrium_win32_kernel\microsoft\windows\kernel\os3\vs\debug\lib_mem.obj
c:\users\space\documents\materiel pour uc os iii\micrium_win32_kernel\microsoft\windows\kernel\os3\vs\debug\lib_math.obj
c:\users\space\documents\materiel pour uc os iii\micrium_win32_kernel\microsoft\windows\kernel\os3\vs\debug\lib_ascii.obj
c:\users\space\documents\materiel pour uc os iii\micrium_win32_kernel\microsoft\windows\kernel\os3\vs\debug\cpu_c.obj
c:\users\space\documents\materiel pour uc os iii\micrium_win32_kernel\microsoft\windows\kernel\os3\vs\debug\cpu_core.obj
c:\users\space\documents\materiel pour uc os iii\micrium_win32_kernel\microsoft\windows\kernel\os3\vs\debug\os_app_hooks.obj
c:\users\space\documents\materiel pour uc os iii\micrium_win32_kernel\microsoft\windows\kernel\os3\vs\debug\exo3.obj
c:\users\space\documents\materiel pour uc os iii\micrium_win32_kernel\microsoft\windows\kernel\os3\vs\debug\exo2.obj
c:\users\space\documents\materiel pour uc os iii\micrium_win32_kernel\microsoft\windows\kernel\os3\vs\debug\exo1.obj
c:\users\space\documents\materiel pour uc os iii\micrium_win32_kernel\microsoft\windows\kernel\os3\vs\debug\bsp_cpu.obj
c:\users\space\documents\materiel pour uc os iii\micrium_win32_kernel\microsoft\windows\kernel\os3\vs\debug\os_var.obj
c:\users\space\documents\materiel pour uc os iii\micrium_win32_kernel\microsoft\windows\kernel\os3\vs\debug\os_tmr.obj
c:\users\space\documents\materiel pour uc os iii\micrium_win32_kernel\microsoft\windows\kernel\os3\vs\debug\os_time.obj
c:\users\space\documents\materiel pour uc os iii\micrium_win32_kernel\microsoft\windows\kernel\os3\vs\debug\os_tick.obj
c:\users\space\documents\materiel pour uc os iii\micrium_win32_kernel\microsoft\windows\kernel\os3\vs\debug\os3.res
c:\users\space\documents\materiel pour uc os iii\micrium_win32_kernel\microsoft\windows\kernel\os3\vs\debug\os3.pdb
c:\users\space\documents\materiel pour uc os iii\micrium_win32_kernel\microsoft\windows\kernel\os3\vs\debug\os3.tlog\cl.command.1.tlog
c:\users\space\documents\materiel pour uc os iii\micrium_win32_kernel\microsoft\windows\kernel\os3\vs\debug\os3.tlog\cl.read.1.tlog
c:\users\space\documents\materiel pour uc os iii\micrium_win32_kernel\microsoft\windows\kernel\os3\vs\debug\os3.tlog\cl.write.1.tlog
c:\users\space\documents\materiel pour uc os iii\micrium_win32_kernel\microsoft\windows\kernel\os3\vs\debug\os3.tlog\link-cvtres.read.1.tlog
c:\users\space\documents\materiel pour uc os iii\micrium_win32_kernel\microsoft\windows\kernel\os3\vs\debug\os3.tlog\link-cvtres.write.1.tlog
c:\users\space\documents\materiel pour uc os iii\micrium_win32_kernel\microsoft\windows\kernel\os3\vs\debug\os3.tlog\link-rc.read.1.tlog
c:\users\space\documents\materiel pour uc os iii\micrium_win32_kernel\microsoft\windows\kernel\os3\vs\debug\os3.tlog\link-rc.write.1.tlog
c:\users\space\documents\materiel pour uc os iii\micrium_win32_kernel\microsoft\windows\kernel\os3\vs\debug\os3.tlog\link.command.1.tlog
c:\users\space\documents\materiel pour uc os iii\micrium_win32_kernel\microsoft\windows\kernel\os3\vs\debug\os3.tlog\link.read.1.tlog
c:\users\space\documents\materiel pour uc os iii\micrium_win32_kernel\microsoft\windows\kernel\os3\vs\debug\os3.tlog\link.write.1.tlog
c:\users\space\documents\materiel pour uc os iii\micrium_win32_kernel\microsoft\windows\kernel\os3\vs\debug\os3.tlog\rc.command.1.tlog
c:\users\space\documents\materiel pour uc os iii\micrium_win32_kernel\microsoft\windows\kernel\os3\vs\debug\os3.tlog\rc.read.1.tlog
c:\users\space\documents\materiel pour uc os iii\micrium_win32_kernel\microsoft\windows\kernel\os3\vs\debug\os3.tlog\rc.write.1.tlog
