  cpu_core.c
  cpu_c.c
  lib_ascii.c
  lib_math.c
  lib_mem.c
  lib_str.c
  os_cpu_c.c
  os_cfg_app.c
  os_core.c
  os_dbg.c
  os_flag.c
  os_mem.c
  os_mon.c
  os_msg.c
  os_mutex.c
  os_prio.c
  os_q.c
  os_sem.c
  os_stat.c
  os_task.c
  Generating Code...
  Compiling...
  os_tick.c
  os_time.c
  os_tmr.c
  os_var.c
  bsp_cpu.c
  exo1.c
  exo2.c
  exo3.c
  exo4.c
  exo5.c
C:\Users\Space\Documents\3610\tp1\OSIII\fourni\microsoft\windows\kernel\os3\exo5.c(290): warning C4013: 'malloc' undefined; assuming extern returning int
C:\Users\Space\Documents\3610\tp1\OSIII\fourni\microsoft\windows\kernel\os3\exo5.c(290): warning C4047: '=': 'work_data *' differs in levels of indirection from 'int'
C:\Users\Space\Documents\3610\tp1\OSIII\fourni\microsoft\windows\kernel\os3\exo5.c(292): warning C4013: 'rand' undefined; assuming extern returning int
C:\Users\Space\Documents\3610\tp1\OSIII\fourni\microsoft\windows\kernel\os3\exo5.c(325): warning C4013: 'exit' undefined; assuming extern returning int
  os_app_hooks.c
  Generating Code...
  OS3.vcxproj -> C:\Users\Space\Documents\3610\tp1\OSIII\fourni\microsoft\windows\kernel\os3\VS\Debug\OS3.exe
